[WARNING] java.lang.AssertionError: assertion failed occurred, aborting.
[ERROR] java.lang.AssertionError: assertion failed
[ERROR] 	at scala.Predef$.assert(Predef.scala)
[ERROR] 	at modbat.dsl.Model$class.assert(Model.scala)
[ERROR] 	at modbat.test.Child.assert(Child.scala)
[ERROR] 	at modbat.dsl.Model$class.assert(Model.scala)
[ERROR] 	at modbat.test.Child.assert(Child.scala)
[ERROR] 	at modbat.test.Child$$anonfun$3.apply$mcV$sp(Child.scala)
[ERROR] 	at modbat.test.Child$$anonfun$3.apply(Child.scala)
[ERROR] 	at modbat.test.Child$$anonfun$3.apply(Child.scala)
[WARNING] Error found, model trace:
[WARNING] modbat/test/ComplexLaunch.scala:8: modbat.test.ComplexLaunch-1: skip
[WARNING] modbat/test/ComplexLaunch.scala:9: modbat.test.ComplexLaunch-1: launch
[WARNING] modbat/test/ComplexLaunch.scala:9: modbat.test.ComplexLaunch-1: launch
[WARNING] modbat/test/Child.scala:7: modbat.test.Child-1: skip
[WARNING] modbat/test/ComplexLaunch.scala:9: modbat.test.ComplexLaunch-1: launch
[WARNING] modbat/test/Child.scala:11: modbat.test.Child-1: assert
[WARNING] modbat/test/Child.scala:7: modbat.test.Child-2: skip
[WARNING] modbat/test/Child.scala:11: modbat.test.Child-2: assert
[WARNING] modbat/test/ComplexLaunch.scala:9: modbat.test.ComplexLaunch-1: launch
[WARNING] modbat/test/ComplexLaunch.scala:9: modbat.test.ComplexLaunch-1: launch
[WARNING] modbat/test/Child.scala:7: modbat.test.Child-5: skip
[WARNING] modbat/test/Child.scala:7: modbat.test.Child-4: skip
[WARNING] modbat/test/Child.scala:11: modbat.test.Child-5: assert
[WARNING] java.lang.AssertionError: assertion failed occurred, aborting.
[ERROR] java.lang.AssertionError: assertion failed
[ERROR] 	at scala.Predef$.assert(Predef.scala)
[ERROR] 	at modbat.dsl.Model$class.assert(Model.scala)
[ERROR] 	at modbat.test.ComplexLaunch.assert(ComplexLaunch.scala)
[ERROR] 	at modbat.dsl.Model$class.assert(Model.scala)
[ERROR] 	at modbat.test.ComplexLaunch.assert(ComplexLaunch.scala)
[ERROR] 	at modbat.test.ComplexLaunch$$anonfun$2.apply$mcV$sp(ComplexLaunch.scala)
[ERROR] 	at modbat.test.ComplexLaunch$$anonfun$2.apply(ComplexLaunch.scala)
[ERROR] 	at modbat.test.ComplexLaunch$$anonfun$2.apply(ComplexLaunch.scala)
[WARNING] Error found, model trace:
[WARNING] modbat/test/ComplexLaunch.scala:8: modbat.test.ComplexLaunch-1: skip
[WARNING] modbat/test/ComplexLaunch.scala:9: modbat.test.ComplexLaunch-1: launch
[WARNING] modbat/test/ComplexLaunch.scala:9: modbat.test.ComplexLaunch-1: launch
[WARNING] modbat/test/Child.scala:7: modbat.test.Child-2: skip
[WARNING] modbat/test/Child.scala:7: modbat.test.Child-1: skip
[WARNING] modbat/test/ComplexLaunch.scala:9: modbat.test.ComplexLaunch-1: launch
[WARNING] modbat/test/Child.scala:8: modbat.test.Child-2: id
[WARNING] modbat/test/Child.scala:11: modbat.test.Child-2: assert
[WARNING] modbat/test/Child.scala:11: modbat.test.Child-1: assert
[WARNING] modbat/test/Child.scala:7: modbat.test.Child-3: skip
[WARNING] modbat/test/ComplexLaunch.scala:13: modbat.test.ComplexLaunch-1: assert
[WARNING] java.lang.AssertionError: assertion failed occurred, aborting.
[ERROR] java.lang.AssertionError: assertion failed
[ERROR] 	at scala.Predef$.assert(Predef.scala)
[ERROR] 	at modbat.dsl.Model$class.assert(Model.scala)
[ERROR] 	at modbat.test.ComplexLaunch.assert(ComplexLaunch.scala)
[ERROR] 	at modbat.dsl.Model$class.assert(Model.scala)
[ERROR] 	at modbat.test.ComplexLaunch.assert(ComplexLaunch.scala)
[ERROR] 	at modbat.test.ComplexLaunch$$anonfun$2.apply$mcV$sp(ComplexLaunch.scala)
[ERROR] 	at modbat.test.ComplexLaunch$$anonfun$2.apply(ComplexLaunch.scala)
[ERROR] 	at modbat.test.ComplexLaunch$$anonfun$2.apply(ComplexLaunch.scala)
[WARNING] Error found, model trace:
[WARNING] modbat/test/ComplexLaunch.scala:8: modbat.test.ComplexLaunch-1: skip
[WARNING] modbat/test/ComplexLaunch.scala:9: modbat.test.ComplexLaunch-1: launch
[WARNING] modbat/test/Child.scala:7: modbat.test.Child-1: skip
[WARNING] modbat/test/Child.scala:8: modbat.test.Child-1: id
[WARNING] modbat/test/ComplexLaunch.scala:9: modbat.test.ComplexLaunch-1: launch
[WARNING] modbat/test/Child.scala:11: modbat.test.Child-1: assert
[WARNING] modbat/test/Child.scala:7: modbat.test.Child-2: skip
[WARNING] modbat/test/Child.scala:8: modbat.test.Child-2: id
[WARNING] modbat/test/Child.scala:11: modbat.test.Child-2: assert
[WARNING] modbat/test/ComplexLaunch.scala:9: modbat.test.ComplexLaunch-1: launch
[WARNING] modbat/test/Child.scala:7: modbat.test.Child-3: skip
[WARNING] modbat/test/ComplexLaunch.scala:13: modbat.test.ComplexLaunch-1: assert
[WARNING] java.lang.AssertionError: assertion failed occurred, aborting.
[ERROR] java.lang.AssertionError: assertion failed
[ERROR] 	at scala.Predef$.assert(Predef.scala)
[ERROR] 	at modbat.dsl.Model$class.assert(Model.scala)
[ERROR] 	at modbat.test.Child.assert(Child.scala)
[ERROR] 	at modbat.dsl.Model$class.assert(Model.scala)
[ERROR] 	at modbat.test.Child.assert(Child.scala)
[ERROR] 	at modbat.test.Child$$anonfun$3.apply$mcV$sp(Child.scala)
[ERROR] 	at modbat.test.Child$$anonfun$3.apply(Child.scala)
[ERROR] 	at modbat.test.Child$$anonfun$3.apply(Child.scala)
[WARNING] Error found, model trace:
[WARNING] modbat/test/ComplexLaunch.scala:8: modbat.test.ComplexLaunch-1: skip
[WARNING] modbat/test/ComplexLaunch.scala:9: modbat.test.ComplexLaunch-1: launch
[WARNING] modbat/test/ComplexLaunch.scala:9: modbat.test.ComplexLaunch-1: launch
[WARNING] modbat/test/Child.scala:7: modbat.test.Child-1: skip
[WARNING] modbat/test/ComplexLaunch.scala:13: modbat.test.ComplexLaunch-1: assert
[WARNING] modbat/test/Child.scala:7: modbat.test.Child-2: skip
[WARNING] modbat/test/Child.scala:8: modbat.test.Child-2: id
[WARNING] modbat/test/Child.scala:8: modbat.test.Child-1: id
[WARNING] modbat/test/Child.scala:8: modbat.test.Child-2: id
[WARNING] modbat/test/Child.scala:8: modbat.test.Child-2: id
[WARNING] modbat/test/Child.scala:8: modbat.test.Child-1: id
[WARNING] modbat/test/Child.scala:8: modbat.test.Child-1: id
[WARNING] modbat/test/Child.scala:8: modbat.test.Child-1: id
[WARNING] modbat/test/Child.scala:8: modbat.test.Child-1: id
[WARNING] modbat/test/Child.scala:11: modbat.test.Child-2: assert
[WARNING] java.lang.AssertionError: assertion failed occurred, aborting.
[ERROR] java.lang.AssertionError: assertion failed
[ERROR] 	at scala.Predef$.assert(Predef.scala)
[ERROR] 	at modbat.dsl.Model$class.assert(Model.scala)
[ERROR] 	at modbat.test.ComplexLaunch.assert(ComplexLaunch.scala)
[ERROR] 	at modbat.dsl.Model$class.assert(Model.scala)
[ERROR] 	at modbat.test.ComplexLaunch.assert(ComplexLaunch.scala)
[ERROR] 	at modbat.test.ComplexLaunch$$anonfun$2.apply$mcV$sp(ComplexLaunch.scala)
[ERROR] 	at modbat.test.ComplexLaunch$$anonfun$2.apply(ComplexLaunch.scala)
[ERROR] 	at modbat.test.ComplexLaunch$$anonfun$2.apply(ComplexLaunch.scala)
[WARNING] Error found, model trace:
[WARNING] modbat/test/ComplexLaunch.scala:8: modbat.test.ComplexLaunch-1: skip
[WARNING] modbat/test/ComplexLaunch.scala:9: modbat.test.ComplexLaunch-1: launch
[WARNING] modbat/test/Child.scala:7: modbat.test.Child-1: skip
[WARNING] modbat/test/Child.scala:8: modbat.test.Child-1: id
[WARNING] modbat/test/ComplexLaunch.scala:9: modbat.test.ComplexLaunch-1: launch
[WARNING] modbat/test/Child.scala:11: modbat.test.Child-1: assert
[WARNING] modbat/test/Child.scala:7: modbat.test.Child-2: skip
[WARNING] modbat/test/ComplexLaunch.scala:9: modbat.test.ComplexLaunch-1: launch
[WARNING] modbat/test/ComplexLaunch.scala:9: modbat.test.ComplexLaunch-1: launch
[WARNING] modbat/test/ComplexLaunch.scala:9: modbat.test.ComplexLaunch-1: launch
[WARNING] modbat/test/ComplexLaunch.scala:9: modbat.test.ComplexLaunch-1: launch
[WARNING] modbat/test/Child.scala:7: modbat.test.Child-6: skip
[WARNING] modbat/test/ComplexLaunch.scala:13: modbat.test.ComplexLaunch-1: assert
[WARNING] java.lang.AssertionError: assertion failed occurred, aborting.
[ERROR] java.lang.AssertionError: assertion failed
[ERROR] 	at scala.Predef$.assert(Predef.scala)
[ERROR] 	at modbat.dsl.Model$class.assert(Model.scala)
[ERROR] 	at modbat.test.Child.assert(Child.scala)
[ERROR] 	at modbat.dsl.Model$class.assert(Model.scala)
[ERROR] 	at modbat.test.Child.assert(Child.scala)
[ERROR] 	at modbat.test.Child$$anonfun$3.apply$mcV$sp(Child.scala)
[ERROR] 	at modbat.test.Child$$anonfun$3.apply(Child.scala)
[ERROR] 	at modbat.test.Child$$anonfun$3.apply(Child.scala)
[WARNING] Error found, model trace:
[WARNING] modbat/test/ComplexLaunch.scala:8: modbat.test.ComplexLaunch-1: skip
[WARNING] modbat/test/ComplexLaunch.scala:9: modbat.test.ComplexLaunch-1: launch
[WARNING] modbat/test/ComplexLaunch.scala:13: modbat.test.ComplexLaunch-1: assert
[WARNING] modbat/test/Child.scala:7: modbat.test.Child-1: skip
[WARNING] modbat/test/Child.scala:8: modbat.test.Child-1: id
[WARNING] modbat/test/Child.scala:8: modbat.test.Child-1: id
[WARNING] modbat/test/Child.scala:8: modbat.test.Child-1: id
[WARNING] modbat/test/Child.scala:8: modbat.test.Child-1: id
[WARNING] modbat/test/Child.scala:11: modbat.test.Child-1: assert
[WARNING] java.lang.AssertionError: assertion failed occurred, aborting.
[ERROR] java.lang.AssertionError: assertion failed
[ERROR] 	at scala.Predef$.assert(Predef.scala)
[ERROR] 	at modbat.dsl.Model$class.assert(Model.scala)
[ERROR] 	at modbat.test.ComplexLaunch.assert(ComplexLaunch.scala)
[ERROR] 	at modbat.dsl.Model$class.assert(Model.scala)
[ERROR] 	at modbat.test.ComplexLaunch.assert(ComplexLaunch.scala)
[ERROR] 	at modbat.test.ComplexLaunch$$anonfun$2.apply$mcV$sp(ComplexLaunch.scala)
[ERROR] 	at modbat.test.ComplexLaunch$$anonfun$2.apply(ComplexLaunch.scala)
[ERROR] 	at modbat.test.ComplexLaunch$$anonfun$2.apply(ComplexLaunch.scala)
[WARNING] Error found, model trace:
[WARNING] modbat/test/ComplexLaunch.scala:8: modbat.test.ComplexLaunch-1: skip
[WARNING] modbat/test/ComplexLaunch.scala:9: modbat.test.ComplexLaunch-1: launch
[WARNING] modbat/test/Child.scala:7: modbat.test.Child-1: skip
[WARNING] modbat/test/ComplexLaunch.scala:9: modbat.test.ComplexLaunch-1: launch
[WARNING] modbat/test/Child.scala:8: modbat.test.Child-1: id
[WARNING] modbat/test/Child.scala:7: modbat.test.Child-2: skip
[WARNING] modbat/test/ComplexLaunch.scala:9: modbat.test.ComplexLaunch-1: launch
[WARNING] modbat/test/ComplexLaunch.scala:9: modbat.test.ComplexLaunch-1: launch
[WARNING] modbat/test/Child.scala:11: modbat.test.Child-2: assert
[WARNING] modbat/test/Child.scala:7: modbat.test.Child-4: skip
[WARNING] modbat/test/Child.scala:8: modbat.test.Child-1: id
[WARNING] modbat/test/ComplexLaunch.scala:9: modbat.test.ComplexLaunch-1: launch
[WARNING] modbat/test/Child.scala:8: modbat.test.Child-4: id
[WARNING] modbat/test/ComplexLaunch.scala:13: modbat.test.ComplexLaunch-1: assert
