[WARNING] java.lang.AssertionError: assertion failed occurred, aborting.
[ERROR] java.lang.AssertionError: assertion failed
[ERROR] 	at scala.Predef$.assert(Predef.scala)
[ERROR] 	at modbat.dsl.Model$.assert(Model.scala)
[ERROR] 	at modbat.dsl.Model$class.assert(Model.scala)
[ERROR] 	at modbat.test.TestObserver.assert(TestObserver.scala)
[ERROR] 	at modbat.test.TestObserver$$anonfun$3.apply$mcV$sp(TestObserver.scala)
[ERROR] 	at modbat.test.TestObserver$$anonfun$3.apply(TestObserver.scala)
[ERROR] 	at modbat.test.TestObserver$$anonfun$3.apply(TestObserver.scala)
[WARNING] Error found, model trace:
[WARNING] modbat/test/ObserverHarness.scala:8: modbat.test.ObserverHarness-1: launch
[WARNING] modbat/test/ObserverHarness.scala:11: modbat.test.ObserverHarness-1: i
[WARNING] modbat/test/TestObserver.scala:9: modbat.test.TestObserver-1: println
[WARNING] modbat/test/ObserverHarness.scala:11: modbat.test.ObserverHarness-1: i
[WARNING] modbat/test/TestObserver.scala:13: modbat.test.TestObserver-1: println
[WARNING] modbat/test/TestObserver.scala:18: modbat.test.TestObserver-1: assert
[WARNING] modbat/test/ObserverHarness.scala:11: modbat.test.ObserverHarness-1: i
[WARNING] modbat/test/TestObserver.scala:18: modbat.test.TestObserver-1: assert
[WARNING] modbat/test/ObserverHarness.scala:11: modbat.test.ObserverHarness-1: i
[WARNING] modbat/test/TestObserver.scala:18: modbat.test.TestObserver-1: assert
