[WARNING] java.lang.AssertionError: assertion failed occurred, aborting.
[ERROR] java.lang.AssertionError: assertion failed
[ERROR] 	at scala.Predef$.assert(Predef.scala)
[ERROR] 	at modbat.dsl.Model$.assert(Model.scala)
[ERROR] 	at modbat.dsl.Model$class.assert(Model.scala)
[ERROR] 	at modbat.test.ExcTest3.assert(ExcTest3.scala)
[ERROR] 	at modbat.test.ExcTest3$$anonfun$2.apply$mcV$sp(ExcTest3.scala)
[ERROR] 	at modbat.test.ExcTest3$$anonfun$2.apply(ExcTest3.scala)
[ERROR] 	at modbat.test.ExcTest3$$anonfun$2.apply(ExcTest3.scala)
[WARNING] Error found, model trace:
[WARNING] modbat/test/ExcTest3.scala:7: nonDetCall
[WARNING] modbat/test/ExcTest3.scala:15: assert
