[WARNING] java.lang.AssertionError: assertion failed occurred, aborting.
[ERROR] java.lang.AssertionError: assertion failed
[ERROR] 	at scala.Predef$.assert(Predef.scala)
[ERROR] 	at modbat.dsl.Model$.assert(Model.scala)
[ERROR] 	at modbat.dsl.Model$class.assert(Model.scala)
[ERROR] 	at modbat.test.NextIfTest2.assert(NextIfTest2.scala)
[ERROR] 	at modbat.test.NextIfTest2$$anonfun$4.apply$mcV$sp(NextIfTest2.scala)
[ERROR] 	at modbat.test.NextIfTest2$$anonfun$4.apply(NextIfTest2.scala)
[ERROR] 	at modbat.test.NextIfTest2$$anonfun$4.apply(NextIfTest2.scala)
[WARNING] Error found, model trace:
[WARNING] modbat/test/NextIfTest2.scala:7: ok => ok2
[WARNING] modbat/test/NextIfTest2.scala:8: skip
[WARNING] modbat/test/NextIfTest2.scala:9: assert
