[WARNING] java.lang.AssertionError: assertion failed occurred, aborting.
[ERROR] java.lang.AssertionError: assertion failed
[ERROR] 	at scala.Predef$.assert(Predef.scala)
[ERROR] 	at modbat.dsl.Model$class.assert(Model.scala)
[ERROR] 	at modbat.test.TickTockTest.assert(TickTockTest.scala)
[ERROR] 	at modbat.dsl.Model$class.assert(Model.scala)
[ERROR] 	at modbat.test.TickTockTest.assert(TickTockTest.scala)
[ERROR] 	at modbat.test.TickTockTest$$anonfun$2.apply$mcV$sp(TickTockTest.scala)
[ERROR] 	at modbat.test.TickTockTest$$anonfun$2.apply(TickTockTest.scala)
[ERROR] 	at modbat.test.TickTockTest$$anonfun$2.apply(TickTockTest.scala)
[WARNING] Error found, model trace:
[WARNING] modbat/test/TickTockTest.scala:8: modbat.test.TickTockTest-1: launch
[WARNING] modbat/test/TickTockTest.scala:11: modbat.test.TickTockTest-1: i; choices = (4)
[WARNING] modbat/test/TickTockObserver.scala:8: modbat.test.TickTockObserver-1: i
[WARNING] modbat/test/TickTockObserver.scala:13: modbat.test.TickTockObserver-1: i
[WARNING] modbat/test/TickTockTest.scala:11: modbat.test.TickTockTest-1: i; choices = (4)
[WARNING] modbat/test/TickTockObserver.scala:8: modbat.test.TickTockObserver-1: i
[WARNING] modbat/test/TickTockObserver.scala:13: modbat.test.TickTockObserver-1: i
[WARNING] modbat/test/TickTockTest.scala:11: modbat.test.TickTockTest-1: i; choices = (1)
[WARNING] modbat/test/TickTockObserver.scala:8: modbat.test.TickTockObserver-1: i
[WARNING] modbat/test/TickTockObserver.scala:13: modbat.test.TickTockObserver-1: i
[WARNING] modbat/test/TickTockTest.scala:11: modbat.test.TickTockTest-1: i; choices = (4)
[WARNING] modbat/test/TickTockObserver.scala:8: modbat.test.TickTockObserver-1: i
[WARNING] modbat/test/TickTockObserver.scala:13: modbat.test.TickTockObserver-1: i
[WARNING] modbat/test/TickTockTest.scala:11: modbat.test.TickTockTest-1: i; choices = (3)
[WARNING] modbat/test/TickTockObserver.scala:8: modbat.test.TickTockObserver-1: i
[WARNING] modbat/test/TickTockObserver.scala:13: modbat.test.TickTockObserver-1: i
[WARNING] modbat/test/TickTockTest.scala:16: modbat.test.TickTockTest-1: assert
