[WARNING] java.lang.AssertionError: assertion failed: i = 0 occurred, aborting.
[ERROR] java.lang.AssertionError: assertion failed: i = 0
[ERROR] 	at scala.Predef$.assert(Predef.scala)
[ERROR] 	at modbat.dsl.Model$class.assert(Model.scala)
[ERROR] 	at modbat.test.InvCheck2.assert(InvCheck2.scala)
[ERROR] 	at modbat.test.InvCheck2.invariantCheck(InvCheck2.scala)
[ERROR] 	at java.base/jdk.internal.reflect.NativeMethodAccessorImpl.invoke0(Native Method)
[ERROR] 	at java.base/jdk.internal.reflect.NativeMethodAccessorImpl.invoke(NativeMethodAccessorImpl.java)
[ERROR] 	at java.base/jdk.internal.reflect.DelegatingMethodAccessorImpl.invoke(DelegatingMethodAccessorImpl.java)
[ERROR] 	at java.base/java.lang.reflect.Method.invoke(Method.java)
[WARNING] Error found, model trace:
[WARNING] modbat/test/InvCheck2.scala:12: reset --> state2; choices = (0.6395907)
[WARNING] modbat/test/InvCheck2.scala:8: invariantCheck
