[WARNING] java.lang.AssertionError: assertion failed occurred, aborting.
[ERROR] java.lang.AssertionError: assertion failed
[ERROR] 	at scala.Predef$.assert(Predef.scala)
[ERROR] 	at modbat.dsl.Model$.assert(Model.scala)
[ERROR] 	at modbat.dsl.Model$class.assert(Model.scala)
[ERROR] 	at modbat.test.ComplexLaunch5.assert(ComplexLaunch5.scala)
[ERROR] 	at modbat.test.ComplexLaunch5$$anonfun$2.apply$mcV$sp(ComplexLaunch5.scala)
[ERROR] 	at modbat.test.ComplexLaunch5$$anonfun$2.apply(ComplexLaunch5.scala)
[ERROR] 	at modbat.test.ComplexLaunch5$$anonfun$2.apply(ComplexLaunch5.scala)
[WARNING] Error found, model trace:
[WARNING] modbat/test/ComplexLaunch5.scala:15: modbat.test.ComplexLaunch5-1: skip
[WARNING] modbat/test/ComplexLaunch5.scala:20: modbat.test.ComplexLaunch5-1: launch
[WARNING] modbat/test/ComplexLaunch5.scala:20: modbat.test.ComplexLaunch5-1: launch
[WARNING] modbat/test/ComplexLaunch5.scala:20: modbat.test.ComplexLaunch5-1: launch
[WARNING] modbat/test/ComplexLaunch5.scala:24: modbat.test.ComplexLaunch5-1: assert
[WARNING] modbat/test/ComplexLaunch5.scala:15: modbat.test.ComplexLaunch5-2: skip
[WARNING] modbat/test/ComplexLaunch5.scala:24: modbat.test.ComplexLaunch5-2: assert
[WARNING] modbat/test/ComplexLaunch5.scala:15: modbat.test.ComplexLaunch5-3: skip
[WARNING] modbat/test/ComplexLaunch5.scala:24: modbat.test.ComplexLaunch5-3: assert
[WARNING] modbat/test/ComplexLaunch5.scala:15: modbat.test.ComplexLaunch5-4: skip
[WARNING] modbat/test/ComplexLaunch5.scala:20: modbat.test.ComplexLaunch5-4: launch
[WARNING] modbat/test/ComplexLaunch5.scala:16: modbat.test.ComplexLaunch5-4: launch
[WARNING] modbat/test/ComplexLaunch5.scala:16: modbat.test.ComplexLaunch5-4: launch
[WARNING] modbat/test/Child5.scala:12: modbat.test.Child5-2: skip
[WARNING] modbat/test/Child5.scala:12: modbat.test.Child5-1: skip
[WARNING] modbat/test/Child5.scala:16: modbat.test.Child5-2: assert
[WARNING] modbat/test/Child5.scala:16: modbat.test.Child5-1: assert
[WARNING] modbat/test/ComplexLaunch5.scala:15: modbat.test.ComplexLaunch5-5: skip
[WARNING] modbat/test/ComplexLaunch5.scala:24: modbat.test.ComplexLaunch5-4: assert
[WARNING] modbat/test/ComplexLaunch5.scala:16: modbat.test.ComplexLaunch5-5: launch
[WARNING] modbat/test/ComplexLaunch5.scala:20: modbat.test.ComplexLaunch5-5: launch
[WARNING] modbat/test/ComplexLaunch5.scala:15: modbat.test.ComplexLaunch5-6: skip
[WARNING] modbat/test/ComplexLaunch5.scala:20: modbat.test.ComplexLaunch5-6: launch
[WARNING] modbat/test/ComplexLaunch5.scala:15: modbat.test.ComplexLaunch5-7: skip
[WARNING] modbat/test/ComplexLaunch5.scala:20: modbat.test.ComplexLaunch5-5: launch
[WARNING] modbat/test/ComplexLaunch5.scala:24: modbat.test.ComplexLaunch5-7: assert
[WARNING] modbat/test/ComplexLaunch5.scala:20: modbat.test.ComplexLaunch5-5: launch
[WARNING] modbat/test/ComplexLaunch5.scala:16: modbat.test.ComplexLaunch5-6: launch
[WARNING] modbat/test/Child5.scala:12: modbat.test.Child5-4: skip
[WARNING] modbat/test/ComplexLaunch5.scala:20: modbat.test.ComplexLaunch5-5: launch
[WARNING] modbat/test/ComplexLaunch5.scala:20: modbat.test.ComplexLaunch5-5: launch
[WARNING] modbat/test/Child5.scala:13: modbat.test.Child5-4: id
[WARNING] modbat/test/ComplexLaunch5.scala:15: modbat.test.ComplexLaunch5-10: skip
[WARNING] modbat/test/ComplexLaunch5.scala:16: modbat.test.ComplexLaunch5-6: launch
[WARNING] modbat/test/ComplexLaunch5.scala:20: modbat.test.ComplexLaunch5-5: launch
[WARNING] modbat/test/ComplexLaunch5.scala:16: modbat.test.ComplexLaunch5-10: launch
[WARNING] modbat/test/Child5.scala:12: modbat.test.Child5-3: skip
[WARNING] modbat/test/ComplexLaunch5.scala:24: modbat.test.ComplexLaunch5-6: assert
