[WARNING] java.lang.AssertionError: assertion failed occurred, aborting.
[ERROR] java.lang.AssertionError: assertion failed
[ERROR] 	at scala.Predef$.assert(Predef.scala)
[ERROR] 	at modbat.dsl.Model$.assert(Model.scala)
[ERROR] 	at modbat.dsl.Model$class.assert(Model.scala)
[ERROR] 	at modbat.test.PrecondOffline.assert(PrecondOffline.scala)
[ERROR] 	at modbat.test.PrecondOffline$$anonfun$2.apply$mcV$sp(PrecondOffline.scala)
[ERROR] 	at modbat.test.PrecondOffline$$anonfun$2.apply(PrecondOffline.scala)
[ERROR] 	at modbat.test.PrecondOffline$$anonfun$2.apply(PrecondOffline.scala)
[WARNING] Error found, model trace:
[WARNING] modbat/test/PrecondOffline.scala:7: require
[WARNING] modbat/test/PrecondOffline.scala:10: assert
