[WARNING] java.lang.AssertionError: assertion failed occurred, aborting.
[ERROR] java.lang.AssertionError: assertion failed
[ERROR] 	at scala.Predef$.assert(Predef.scala)
[ERROR] 	at modbat.dsl.Model$class.assert(Model.scala)
[ERROR] 	at modbat.test.NextIfTest5.assert(NextIfTest5.scala)
[ERROR] 	at modbat.dsl.Model$class.assert(Model.scala)
[ERROR] 	at modbat.test.NextIfTest5.assert(NextIfTest5.scala)
[ERROR] 	at modbat.test.NextIfTest5$$anonfun$4.apply$mcV$sp(NextIfTest5.scala)
[ERROR] 	at modbat.test.NextIfTest5$$anonfun$4.apply(NextIfTest5.scala)
[ERROR] 	at modbat.test.NextIfTest5$$anonfun$4.apply(NextIfTest5.scala)
[WARNING] Error found, model trace:
[WARNING] modbat/test/NextIfTest5.scala:7: ok --> err1 (1)
[WARNING] modbat/test/NextIfTest5.scala:9: assert
