[WARNING] java.lang.AssertionError: assertion failed occurred, aborting.
[ERROR] java.lang.AssertionError: assertion failed
[ERROR] 	at scala.Predef$.assert(Predef.scala)
[ERROR] 	at modbat.dsl.Model$.assert(Model.scala)
[ERROR] 	at modbat.dsl.Model$class.assert(Model.scala)
[ERROR] 	at modbat.test.MaybeNextIfTest3.assert(MaybeNextIfTest3.scala)
[ERROR] 	at modbat.test.MaybeNextIfTest3$$anonfun$3.apply$mcV$sp(MaybeNextIfTest3.scala)
[ERROR] 	at modbat.test.MaybeNextIfTest3$$anonfun$3.apply(MaybeNextIfTest3.scala)
[ERROR] 	at modbat.test.MaybeNextIfTest3$$anonfun$3.apply(MaybeNextIfTest3.scala)
[WARNING] Error found, model trace:
[WARNING] modbat/test/MaybeNextIfTest3.scala:8: println; choices = (0.23796444)
[WARNING] modbat/test/MaybeNextIfTest3.scala:12: assert
[WARNING] java.lang.AssertionError: assertion failed occurred, aborting.
[ERROR] java.lang.AssertionError: assertion failed
[ERROR] 	at scala.Predef$.assert(Predef.scala)
[ERROR] 	at modbat.dsl.Model$.assert(Model.scala)
[ERROR] 	at modbat.dsl.Model$class.assert(Model.scala)
[ERROR] 	at modbat.test.MaybeNextIfTest3.assert(MaybeNextIfTest3.scala)
[ERROR] 	at modbat.test.MaybeNextIfTest3$$anonfun$3.apply$mcV$sp(MaybeNextIfTest3.scala)
[ERROR] 	at modbat.test.MaybeNextIfTest3$$anonfun$3.apply(MaybeNextIfTest3.scala)
[ERROR] 	at modbat.test.MaybeNextIfTest3$$anonfun$3.apply(MaybeNextIfTest3.scala)
[WARNING] Error found, model trace:
[WARNING] modbat/test/MaybeNextIfTest3.scala:8: println; choices = (0.89374465)
[WARNING] modbat/test/MaybeNextIfTest3.scala:12: assert
[WARNING] java.lang.AssertionError: assertion failed occurred, aborting.
[ERROR] java.lang.AssertionError: assertion failed
[ERROR] 	at scala.Predef$.assert(Predef.scala)
[ERROR] 	at modbat.dsl.Model$.assert(Model.scala)
[ERROR] 	at modbat.dsl.Model$class.assert(Model.scala)
[ERROR] 	at modbat.test.MaybeNextIfTest3.assert(MaybeNextIfTest3.scala)
[ERROR] 	at modbat.test.MaybeNextIfTest3$$anonfun$3.apply$mcV$sp(MaybeNextIfTest3.scala)
[ERROR] 	at modbat.test.MaybeNextIfTest3$$anonfun$3.apply(MaybeNextIfTest3.scala)
[ERROR] 	at modbat.test.MaybeNextIfTest3$$anonfun$3.apply(MaybeNextIfTest3.scala)
[WARNING] Error found, model trace:
[WARNING] modbat/test/MaybeNextIfTest3.scala:8: println; choices = (0.4793791)
[WARNING] modbat/test/MaybeNextIfTest3.scala:12: assert
