[WARNING] java.lang.AssertionError: assertion failed occurred, aborting.
[ERROR] java.lang.AssertionError: assertion failed
[ERROR] 	at scala.Predef$.assert(Predef.scala)
[ERROR] 	at modbat.dsl.Model$.assert(Model.scala)
[ERROR] 	at modbat.dsl.Model$class.assert(Model.scala)
[ERROR] 	at modbat.test.GenLabel3.assert(GenLabel3.scala)
[ERROR] 	at modbat.test.GenLabel3.dec(GenLabel3.scala)
[ERROR] 	at sun.reflect.NativeMethodAccessorImpl.invoke0(Native Method)
[ERROR] 	at sun.reflect.NativeMethodAccessorImpl.invoke(NativeMethodAccessorImpl.java)
[ERROR] 	at sun.reflect.DelegatingMethodAccessorImpl.invoke(DelegatingMethodAccessorImpl.java)
[ERROR] 	at java.lang.reflect.Method.invoke(Method.java)
[WARNING] Error found, model trace:
[WARNING] modbat/test/GenLabel3.scala:8: inc
[WARNING] modbat/test/GenLabel3.scala:10: dec
[WARNING] java.lang.AssertionError: assertion failed occurred, aborting.
[ERROR] java.lang.AssertionError: assertion failed
[ERROR] 	at scala.Predef$.assert(Predef.scala)
[ERROR] 	at modbat.dsl.Model$.assert(Model.scala)
[ERROR] 	at modbat.dsl.Model$class.assert(Model.scala)
[ERROR] 	at modbat.test.GenLabel3.assert(GenLabel3.scala)
[ERROR] 	at modbat.test.GenLabel3.dec(GenLabel3.scala)
[ERROR] 	at sun.reflect.NativeMethodAccessorImpl.invoke0(Native Method)
[ERROR] 	at sun.reflect.NativeMethodAccessorImpl.invoke(NativeMethodAccessorImpl.java)
[ERROR] 	at sun.reflect.DelegatingMethodAccessorImpl.invoke(DelegatingMethodAccessorImpl.java)
[ERROR] 	at java.lang.reflect.Method.invoke(Method.java)
[WARNING] Error found, model trace:
[WARNING] modbat/test/GenLabel3.scala:12: skip
[WARNING] modbat/test/GenLabel3.scala:8: inc
[WARNING] modbat/test/GenLabel3.scala:8: inc
[WARNING] modbat/test/GenLabel3.scala:8: inc
[WARNING] modbat/test/GenLabel3.scala:8: inc
[WARNING] modbat/test/GenLabel3.scala:12: skip
[WARNING] modbat/test/GenLabel3.scala:8: inc
[WARNING] modbat/test/GenLabel3.scala:12: skip
[WARNING] modbat/test/GenLabel3.scala:8: inc
[WARNING] modbat/test/GenLabel3.scala:8: inc
[WARNING] modbat/test/GenLabel3.scala:8: inc
[WARNING] modbat/test/GenLabel3.scala:12: skip
[WARNING] modbat/test/GenLabel3.scala:12: skip
[WARNING] modbat/test/GenLabel3.scala:10: dec
[WARNING] modbat/test/GenLabel3.scala:8: inc
[WARNING] modbat/test/GenLabel3.scala:10: dec
[WARNING] modbat/test/GenLabel3.scala:10: dec
[WARNING] modbat/test/GenLabel3.scala:10: dec
[WARNING] modbat/test/GenLabel3.scala:8: inc
[WARNING] modbat/test/GenLabel3.scala:12: skip
[WARNING] modbat/test/GenLabel3.scala:8: inc
[WARNING] modbat/test/GenLabel3.scala:10: dec
[WARNING] modbat/test/GenLabel3.scala:10: dec
[WARNING] modbat/test/GenLabel3.scala:10: dec
[WARNING] modbat/test/GenLabel3.scala:12: skip
[WARNING] modbat/test/GenLabel3.scala:10: dec
[WARNING] modbat/test/GenLabel3.scala:12: skip
[WARNING] modbat/test/GenLabel3.scala:8: inc
[WARNING] modbat/test/GenLabel3.scala:10: dec
[WARNING] modbat/test/GenLabel3.scala:12: skip
[WARNING] modbat/test/GenLabel3.scala:12: skip
[WARNING] modbat/test/GenLabel3.scala:10: dec
[WARNING] modbat/test/GenLabel3.scala:10: dec
[WARNING] modbat/test/GenLabel3.scala:12: skip
[WARNING] modbat/test/GenLabel3.scala:12: skip
[WARNING] modbat/test/GenLabel3.scala:10: dec
[WARNING] java.lang.AssertionError: assertion failed occurred, aborting.
[ERROR] java.lang.AssertionError: assertion failed
[ERROR] 	at scala.Predef$.assert(Predef.scala)
[ERROR] 	at modbat.dsl.Model$.assert(Model.scala)
[ERROR] 	at modbat.dsl.Model$class.assert(Model.scala)
[ERROR] 	at modbat.test.GenLabel3.assert(GenLabel3.scala)
[ERROR] 	at modbat.test.GenLabel3.dec(GenLabel3.scala)
[ERROR] 	at sun.reflect.NativeMethodAccessorImpl.invoke0(Native Method)
[ERROR] 	at sun.reflect.NativeMethodAccessorImpl.invoke(NativeMethodAccessorImpl.java)
[ERROR] 	at sun.reflect.DelegatingMethodAccessorImpl.invoke(DelegatingMethodAccessorImpl.java)
[ERROR] 	at java.lang.reflect.Method.invoke(Method.java)
[WARNING] Error found, model trace:
[WARNING] modbat/test/GenLabel3.scala:10: dec
[WARNING] java.lang.AssertionError: assertion failed occurred, aborting.
[ERROR] java.lang.AssertionError: assertion failed
[ERROR] 	at scala.Predef$.assert(Predef.scala)
[ERROR] 	at modbat.dsl.Model$.assert(Model.scala)
[ERROR] 	at modbat.dsl.Model$class.assert(Model.scala)
[ERROR] 	at modbat.test.GenLabel3.assert(GenLabel3.scala)
[ERROR] 	at modbat.test.GenLabel3.dec(GenLabel3.scala)
[ERROR] 	at sun.reflect.GeneratedMethodAccessor2.invoke(Unknown Source)
[ERROR] 	at sun.reflect.DelegatingMethodAccessorImpl.invoke(DelegatingMethodAccessorImpl.java)
[ERROR] 	at java.lang.reflect.Method.invoke(Method.java)
[WARNING] Error found, model trace:
[WARNING] modbat/test/GenLabel3.scala:8: inc
[WARNING] modbat/test/GenLabel3.scala:8: inc
[WARNING] modbat/test/GenLabel3.scala:8: inc
[WARNING] modbat/test/GenLabel3.scala:8: inc
[WARNING] modbat/test/GenLabel3.scala:12: skip
[WARNING] modbat/test/GenLabel3.scala:8: inc
[WARNING] modbat/test/GenLabel3.scala:12: skip
[WARNING] modbat/test/GenLabel3.scala:8: inc
[WARNING] modbat/test/GenLabel3.scala:8: inc
[WARNING] modbat/test/GenLabel3.scala:8: inc
[WARNING] modbat/test/GenLabel3.scala:12: skip
[WARNING] modbat/test/GenLabel3.scala:12: skip
[WARNING] modbat/test/GenLabel3.scala:10: dec
[WARNING] modbat/test/GenLabel3.scala:8: inc
[WARNING] modbat/test/GenLabel3.scala:10: dec
[WARNING] modbat/test/GenLabel3.scala:10: dec
[WARNING] modbat/test/GenLabel3.scala:10: dec
[WARNING] modbat/test/GenLabel3.scala:8: inc
[WARNING] modbat/test/GenLabel3.scala:12: skip
[WARNING] modbat/test/GenLabel3.scala:8: inc
[WARNING] modbat/test/GenLabel3.scala:10: dec
[WARNING] modbat/test/GenLabel3.scala:10: dec
[WARNING] modbat/test/GenLabel3.scala:10: dec
[WARNING] modbat/test/GenLabel3.scala:12: skip
[WARNING] modbat/test/GenLabel3.scala:10: dec
[WARNING] modbat/test/GenLabel3.scala:12: skip
[WARNING] modbat/test/GenLabel3.scala:8: inc
[WARNING] modbat/test/GenLabel3.scala:10: dec
[WARNING] modbat/test/GenLabel3.scala:12: skip
[WARNING] modbat/test/GenLabel3.scala:12: skip
[WARNING] modbat/test/GenLabel3.scala:10: dec
[WARNING] modbat/test/GenLabel3.scala:10: dec
[WARNING] modbat/test/GenLabel3.scala:12: skip
[WARNING] modbat/test/GenLabel3.scala:12: skip
[WARNING] modbat/test/GenLabel3.scala:10: dec
[WARNING] java.lang.AssertionError: assertion failed occurred, aborting.
[ERROR] java.lang.AssertionError: assertion failed
[ERROR] 	at scala.Predef$.assert(Predef.scala)
[ERROR] 	at modbat.dsl.Model$.assert(Model.scala)
[ERROR] 	at modbat.dsl.Model$class.assert(Model.scala)
[ERROR] 	at modbat.test.GenLabel3.assert(GenLabel3.scala)
[ERROR] 	at modbat.test.GenLabel3.dec(GenLabel3.scala)
[ERROR] 	at sun.reflect.GeneratedMethodAccessor2.invoke(Unknown Source)
[ERROR] 	at sun.reflect.DelegatingMethodAccessorImpl.invoke(DelegatingMethodAccessorImpl.java)
[ERROR] 	at java.lang.reflect.Method.invoke(Method.java)
[WARNING] Error found, model trace:
[WARNING] modbat/test/GenLabel3.scala:8: inc
[WARNING] modbat/test/GenLabel3.scala:12: skip
[WARNING] modbat/test/GenLabel3.scala:8: inc
[WARNING] modbat/test/GenLabel3.scala:8: inc
[WARNING] modbat/test/GenLabel3.scala:8: inc
[WARNING] modbat/test/GenLabel3.scala:8: inc
[WARNING] modbat/test/GenLabel3.scala:12: skip
[WARNING] modbat/test/GenLabel3.scala:10: dec
[WARNING] modbat/test/GenLabel3.scala:8: inc
[WARNING] modbat/test/GenLabel3.scala:12: skip
[WARNING] modbat/test/GenLabel3.scala:8: inc
[WARNING] modbat/test/GenLabel3.scala:10: dec
[WARNING] modbat/test/GenLabel3.scala:10: dec
[WARNING] modbat/test/GenLabel3.scala:10: dec
[WARNING] modbat/test/GenLabel3.scala:8: inc
[WARNING] modbat/test/GenLabel3.scala:10: dec
[WARNING] modbat/test/GenLabel3.scala:8: inc
[WARNING] modbat/test/GenLabel3.scala:12: skip
[WARNING] modbat/test/GenLabel3.scala:10: dec
[WARNING] modbat/test/GenLabel3.scala:8: inc
[WARNING] modbat/test/GenLabel3.scala:10: dec
[WARNING] modbat/test/GenLabel3.scala:8: inc
[WARNING] modbat/test/GenLabel3.scala:12: skip
[WARNING] modbat/test/GenLabel3.scala:8: inc
[WARNING] modbat/test/GenLabel3.scala:10: dec
[WARNING] modbat/test/GenLabel3.scala:12: skip
[WARNING] modbat/test/GenLabel3.scala:12: skip
[WARNING] modbat/test/GenLabel3.scala:12: skip
[WARNING] modbat/test/GenLabel3.scala:12: skip
[WARNING] modbat/test/GenLabel3.scala:10: dec
[WARNING] modbat/test/GenLabel3.scala:12: skip
[WARNING] modbat/test/GenLabel3.scala:10: dec
[WARNING] modbat/test/GenLabel3.scala:12: skip
[WARNING] modbat/test/GenLabel3.scala:10: dec
[WARNING] modbat/test/GenLabel3.scala:8: inc
[WARNING] modbat/test/GenLabel3.scala:12: skip
[WARNING] modbat/test/GenLabel3.scala:10: dec
[WARNING] modbat/test/GenLabel3.scala:8: inc
[WARNING] modbat/test/GenLabel3.scala:8: inc
[WARNING] modbat/test/GenLabel3.scala:12: skip
[WARNING] modbat/test/GenLabel3.scala:10: dec
[WARNING] modbat/test/GenLabel3.scala:8: inc
[WARNING] modbat/test/GenLabel3.scala:8: inc
[WARNING] modbat/test/GenLabel3.scala:8: inc
[WARNING] modbat/test/GenLabel3.scala:10: dec
[WARNING] modbat/test/GenLabel3.scala:10: dec
[WARNING] modbat/test/GenLabel3.scala:8: inc
[WARNING] modbat/test/GenLabel3.scala:12: skip
[WARNING] modbat/test/GenLabel3.scala:12: skip
[WARNING] modbat/test/GenLabel3.scala:8: inc
[WARNING] modbat/test/GenLabel3.scala:10: dec
[WARNING] modbat/test/GenLabel3.scala:12: skip
[WARNING] modbat/test/GenLabel3.scala:10: dec
[WARNING] modbat/test/GenLabel3.scala:8: inc
[WARNING] modbat/test/GenLabel3.scala:10: dec
[WARNING] modbat/test/GenLabel3.scala:10: dec
[WARNING] modbat/test/GenLabel3.scala:10: dec
[WARNING] modbat/test/GenLabel3.scala:8: inc
[WARNING] modbat/test/GenLabel3.scala:12: skip
[WARNING] modbat/test/GenLabel3.scala:8: inc
[WARNING] modbat/test/GenLabel3.scala:12: skip
[WARNING] modbat/test/GenLabel3.scala:12: skip
[WARNING] modbat/test/GenLabel3.scala:12: skip
[WARNING] modbat/test/GenLabel3.scala:10: dec
[WARNING] modbat/test/GenLabel3.scala:12: skip
[WARNING] modbat/test/GenLabel3.scala:10: dec
[WARNING] modbat/test/GenLabel3.scala:10: dec
