[WARNING] java.lang.AssertionError: assertion failed occurred, aborting.
[ERROR] java.lang.AssertionError: assertion failed
[ERROR] 	at scala.Predef$.assert(Predef.scala)
[ERROR] 	at modbat.dsl.Model$class.assert(Model.scala)
[ERROR] 	at modbat.test.ExcTest4.assert(ExcTest4.scala)
[ERROR] 	at modbat.dsl.Model$class.assert(Model.scala)
[ERROR] 	at modbat.test.ExcTest4.assert(ExcTest4.scala)
[ERROR] 	at modbat.test.ExcTest4$$anonfun$2.apply$mcV$sp(ExcTest4.scala)
[ERROR] 	at modbat.test.ExcTest4$$anonfun$2.apply(ExcTest4.scala)
[ERROR] 	at modbat.test.ExcTest4$$anonfun$2.apply(ExcTest4.scala)
[WARNING] Error found, model trace:
[WARNING] modbat/test/ExcTest4.scala:7: nonDetCall
[WARNING] modbat/test/ExcTest4.scala:13: assert
