[WARNING] java.lang.AssertionError: assertion failed occurred, aborting.
[ERROR] java.lang.AssertionError: assertion failed
[ERROR] 	at scala.Predef$.assert(Predef.scala)
[ERROR] 	at modbat.dsl.Model$.assert(Model.scala)
[ERROR] 	at modbat.dsl.Model$class.assert(Model.scala)
[ERROR] 	at modbat.test.ExcTest6.assert(ExcTest6.scala)
[ERROR] 	at modbat.test.ExcTest6$$anonfun$2.apply$mcV$sp(ExcTest6.scala)
[ERROR] 	at modbat.test.ExcTest6$$anonfun$2.apply(ExcTest6.scala)
[ERROR] 	at modbat.test.ExcTest6$$anonfun$2.apply(ExcTest6.scala)
