[WARNING] java.lang.AssertionError: assertion failed occurred, aborting.
[ERROR] java.lang.AssertionError: assertion failed
[ERROR] 	at scala.Predef$.assert(Predef.scala)
[ERROR] 	at modbat.dsl.Model$.assert(Model.scala)
[ERROR] 	at modbat.dsl.Model$class.assert(Model.scala)
[ERROR] 	at modbat.test.Choices.assert(Choices.scala)
[ERROR] 	at modbat.test.Choices$$anonfun$1.apply$mcV$sp(Choices.scala)
[ERROR] 	at modbat.test.Choices$$anonfun$1.apply(Choices.scala)
[ERROR] 	at modbat.test.Choices$$anonfun$1.apply(Choices.scala)
[WARNING] Error found, model trace:
[WARNING] modbat/test/Choices.scala:10: ok => ok; choices = (n = ...: line 12)
[WARNING] modbat/test/Choices.scala:10: ok => ok; choices = (n = ...: line 12)
[WARNING] modbat/test/Choices.scala:10: ok => ok; choices = (n = ...: line 12)
[WARNING] modbat/test/Choices.scala:10: ok => ok; choices = (n = ...: line 11)
[WARNING] modbat/test/Choices.scala:10: ok => ok; choices = (n = ...: line 12)
[WARNING] modbat/test/Choices.scala:17: assert
