[WARNING] java.lang.AssertionError: assertion failed occurred, aborting.
[ERROR] java.lang.AssertionError: assertion failed
[ERROR] 	at scala.Predef$.assert(Predef.scala)
[ERROR] 	at modbat.dsl.Model$.assert(Model.scala)
[ERROR] 	at modbat.dsl.Model$class.assert(Model.scala)
[ERROR] 	at modbat.test.Shortcut.assert(Shortcut.scala)
[ERROR] 	at modbat.test.Shortcut$$anonfun$5.apply$mcV$sp(Shortcut.scala)
[ERROR] 	at modbat.test.Shortcut$$anonfun$5.apply(Shortcut.scala)
[ERROR] 	at modbat.test.Shortcut$$anonfun$5.apply(Shortcut.scala)
[WARNING] Error found, model trace:
[WARNING] modbat/test/Shortcut.scala:11: count = ...
[WARNING] modbat/test/Shortcut.scala:20: count
[WARNING] modbat/test/Shortcut.scala:23: assert
