[WARNING] java.lang.IllegalArgumentException: requirement failed occurred, aborting.
[ERROR] java.lang.IllegalArgumentException: requirement failed
[ERROR] 	at scala.Predef$.require(Predef.scala)
[ERROR] 	at modbat.test.SUTWithFailedReq$.fail(SUTWithFailedReq.scala)
[ERROR] 	at modbat.test.SUTReq$$anonfun$2.apply$mcV$sp(SUTReq.scala)
[ERROR] 	at modbat.test.SUTReq$$anonfun$2.apply(SUTReq.scala)
[ERROR] 	at modbat.test.SUTReq$$anonfun$2.apply(SUTReq.scala)
[WARNING] Error found, model trace:
[WARNING] modbat/test/SUTReq.scala:12: fail
[WARNING] java.lang.IllegalArgumentException: requirement failed occurred, aborting.
[ERROR] java.lang.IllegalArgumentException: requirement failed
[ERROR] 	at scala.Predef$.require(Predef.scala)
[ERROR] 	at modbat.test.SUTWithFailedReq$.fail(SUTWithFailedReq.scala)
[ERROR] 	at modbat.test.SUTReq$$anonfun$2.apply$mcV$sp(SUTReq.scala)
[ERROR] 	at modbat.test.SUTReq$$anonfun$2.apply(SUTReq.scala)
[ERROR] 	at modbat.test.SUTReq$$anonfun$2.apply(SUTReq.scala)
[WARNING] Error found, model trace:
[WARNING] modbat/test/SUTReq.scala:12: fail
