[WARNING] java.lang.AssertionError: assertion failed: i = 1 occurred, aborting.
[ERROR] java.lang.AssertionError: assertion failed: i = 1
[ERROR] 	at scala.Predef$.assert(Predef.scala)
[ERROR] 	at modbat.dsl.Model$.assert(Model.scala)
[ERROR] 	at modbat.dsl.Model$class.assert(Model.scala)
[ERROR] 	at modbat.test.InvCheck3.assert(InvCheck3.scala)
[ERROR] 	at modbat.test.InvCheck3.check(InvCheck3.scala)
[ERROR] 	at java.base/jdk.internal.reflect.NativeMethodAccessorImpl.invoke0(Native Method)
[ERROR] 	at java.base/jdk.internal.reflect.NativeMethodAccessorImpl.invoke(NativeMethodAccessorImpl.java)
[ERROR] 	at java.base/jdk.internal.reflect.DelegatingMethodAccessorImpl.invoke(DelegatingMethodAccessorImpl.java)
[ERROR] 	at java.base/java.lang.reflect.Method.invoke(Method.java)
[WARNING] Error found, model trace:
[WARNING] modbat/test/InvCheck3.scala:12: skip
[WARNING] modbat/test/InvCheck3.scala:13: skip
[WARNING] modbat/test/InvCheck3.scala:7: inc
[WARNING] modbat/test/InvCheck3.scala:14: skip
[WARNING] modbat/test/InvCheck3.scala:9: check
