[WARNING] java.lang.AssertionError: assertion failed occurred, aborting.
[ERROR] java.lang.AssertionError: assertion failed
[ERROR] 	at scala.Predef$.assert(Predef.scala)
[ERROR] 	at modbat.dsl.Model$class.assert(Model.scala)
[ERROR] 	at modbat.test.MaybeNextIfTest5.assert(MaybeNextIfTest5.scala)
[ERROR] 	at modbat.dsl.Model$class.assert(Model.scala)
[ERROR] 	at modbat.test.MaybeNextIfTest5.assert(MaybeNextIfTest5.scala)
[ERROR] 	at modbat.test.MaybeNextIfTest5$$anonfun$3.apply$mcV$sp(MaybeNextIfTest5.scala)
[ERROR] 	at modbat.test.MaybeNextIfTest5$$anonfun$3.apply(MaybeNextIfTest5.scala)
[ERROR] 	at modbat.test.MaybeNextIfTest5$$anonfun$3.apply(MaybeNextIfTest5.scala)
[WARNING] Error found, model trace:
[WARNING] modbat/test/MaybeNextIfTest5.scala:7: println; choices = (0.23796444)
[WARNING] modbat/test/MaybeNextIfTest5.scala:10: assert
[WARNING] java.lang.AssertionError: assertion failed occurred, aborting.
[ERROR] java.lang.AssertionError: assertion failed
[ERROR] 	at scala.Predef$.assert(Predef.scala)
[ERROR] 	at modbat.dsl.Model$class.assert(Model.scala)
[ERROR] 	at modbat.test.MaybeNextIfTest5.assert(MaybeNextIfTest5.scala)
[ERROR] 	at modbat.dsl.Model$class.assert(Model.scala)
[ERROR] 	at modbat.test.MaybeNextIfTest5.assert(MaybeNextIfTest5.scala)
[ERROR] 	at modbat.test.MaybeNextIfTest5$$anonfun$3.apply$mcV$sp(MaybeNextIfTest5.scala)
[ERROR] 	at modbat.test.MaybeNextIfTest5$$anonfun$3.apply(MaybeNextIfTest5.scala)
[ERROR] 	at modbat.test.MaybeNextIfTest5$$anonfun$3.apply(MaybeNextIfTest5.scala)
[WARNING] Error found, model trace:
[WARNING] modbat/test/MaybeNextIfTest5.scala:7: println; choices = (0.89374465)
[WARNING] modbat/test/MaybeNextIfTest5.scala:10: assert
[WARNING] java.lang.AssertionError: assertion failed occurred, aborting.
[ERROR] java.lang.AssertionError: assertion failed
[ERROR] 	at scala.Predef$.assert(Predef.scala)
[ERROR] 	at modbat.dsl.Model$class.assert(Model.scala)
[ERROR] 	at modbat.test.MaybeNextIfTest5.assert(MaybeNextIfTest5.scala)
[ERROR] 	at modbat.dsl.Model$class.assert(Model.scala)
[ERROR] 	at modbat.test.MaybeNextIfTest5.assert(MaybeNextIfTest5.scala)
[ERROR] 	at modbat.test.MaybeNextIfTest5$$anonfun$3.apply$mcV$sp(MaybeNextIfTest5.scala)
[ERROR] 	at modbat.test.MaybeNextIfTest5$$anonfun$3.apply(MaybeNextIfTest5.scala)
[ERROR] 	at modbat.test.MaybeNextIfTest5$$anonfun$3.apply(MaybeNextIfTest5.scala)
[WARNING] Error found, model trace:
[WARNING] modbat/test/MaybeNextIfTest5.scala:7: println; choices = (0.4793791)
[WARNING] modbat/test/MaybeNextIfTest5.scala:10: assert
