[WARNING] java.lang.AssertionError: assertion failed: i = 0 occurred, aborting.
[ERROR] java.lang.AssertionError: assertion failed: i = 0
[ERROR] 	at scala.Predef$.assert(Predef.scala)
[ERROR] 	at modbat.dsl.Model$.assert(Model.scala)
[ERROR] 	at modbat.dsl.Model$class.assert(Model.scala)
[ERROR] 	at modbat.test.InvariantCheck.assert(InvariantCheck.scala)
[ERROR] 	at modbat.test.InvariantCheck.invariantCheck(InvariantCheck.scala)
[ERROR] 	at sun.reflect.GeneratedMethodAccessor1.invoke(Unknown Source)
[ERROR] 	at sun.reflect.DelegatingMethodAccessorImpl.invoke(DelegatingMethodAccessorImpl.java)
[ERROR] 	at java.lang.reflect.Method.invoke(Method.java)
[WARNING] Error found, model trace:
[WARNING] modbat/test/InvariantCheck.scala:14: reset => somestate; choices = (0.6395907)
[WARNING] modbat/test/InvariantCheck.scala:8: invariantCheck
