[WARNING] Expected exception did not occur, aborting.
[WARNING] java.lang.AssertionError: assertion failed occurred, aborting.
[ERROR] java.lang.AssertionError: assertion failed
[ERROR] 	at scala.Predef$.assert(Predef.scala)
[ERROR] 	at modbat.dsl.Model$.assert(Model.scala)
[ERROR] 	at modbat.dsl.Model$class.assert(Model.scala)
[ERROR] 	at modbat.test.ExcTestA3.assert(ExcTestA3.scala)
[ERROR] 	at modbat.test.ExcTestA3$$anonfun$2.apply$mcV$sp(ExcTestA3.scala)
[ERROR] 	at modbat.test.ExcTestA3$$anonfun$2.apply(ExcTestA3.scala)
[ERROR] 	at modbat.test.ExcTestA3$$anonfun$2.apply(ExcTestA3.scala)
