[WARNING] java.lang.AssertionError: assertion failed occurred, aborting.
[ERROR] java.lang.AssertionError: assertion failed
[ERROR] 	at scala.Predef$.assert(Predef.scala)
[ERROR] 	at modbat.dsl.Model$class.assert(Model.scala)
[ERROR] 	at modbat.test.MaybeNextIfTest4.assert(MaybeNextIfTest4.scala)
[ERROR] 	at modbat.dsl.Model$class.assert(Model.scala)
[ERROR] 	at modbat.test.MaybeNextIfTest4.assert(MaybeNextIfTest4.scala)
[ERROR] 	at modbat.test.MaybeNextIfTest4$$anonfun$4.apply$mcV$sp(MaybeNextIfTest4.scala)
[ERROR] 	at modbat.test.MaybeNextIfTest4$$anonfun$4.apply(MaybeNextIfTest4.scala)
[ERROR] 	at modbat.test.MaybeNextIfTest4$$anonfun$4.apply(MaybeNextIfTest4.scala)
[WARNING] Error found, model trace:
[WARNING] modbat/test/MaybeNextIfTest4.scala:7: println; choices = (0.23796444)
[WARNING] modbat/test/MaybeNextIfTest4.scala:14: assert
[WARNING] java.lang.AssertionError: assertion failed occurred, aborting.
[ERROR] java.lang.AssertionError: assertion failed
[ERROR] 	at scala.Predef$.assert(Predef.scala)
[ERROR] 	at modbat.dsl.Model$class.assert(Model.scala)
[ERROR] 	at modbat.test.MaybeNextIfTest4.assert(MaybeNextIfTest4.scala)
[ERROR] 	at modbat.dsl.Model$class.assert(Model.scala)
[ERROR] 	at modbat.test.MaybeNextIfTest4.assert(MaybeNextIfTest4.scala)
[ERROR] 	at modbat.test.MaybeNextIfTest4$$anonfun$3.apply$mcV$sp(MaybeNextIfTest4.scala)
[ERROR] 	at modbat.test.MaybeNextIfTest4$$anonfun$3.apply(MaybeNextIfTest4.scala)
[ERROR] 	at modbat.test.MaybeNextIfTest4$$anonfun$3.apply(MaybeNextIfTest4.scala)
[WARNING] Error found, model trace:
[WARNING] modbat/test/MaybeNextIfTest4.scala:7: println; choices = (0.89374465)
[WARNING] modbat/test/MaybeNextIfTest4.scala:10: assert
[WARNING] java.lang.AssertionError: assertion failed occurred, aborting.
[ERROR] java.lang.AssertionError: assertion failed
[ERROR] 	at scala.Predef$.assert(Predef.scala)
[ERROR] 	at modbat.dsl.Model$class.assert(Model.scala)
[ERROR] 	at modbat.test.MaybeNextIfTest4.assert(MaybeNextIfTest4.scala)
[ERROR] 	at modbat.dsl.Model$class.assert(Model.scala)
[ERROR] 	at modbat.test.MaybeNextIfTest4.assert(MaybeNextIfTest4.scala)
[ERROR] 	at modbat.test.MaybeNextIfTest4$$anonfun$4.apply$mcV$sp(MaybeNextIfTest4.scala)
[ERROR] 	at modbat.test.MaybeNextIfTest4$$anonfun$4.apply(MaybeNextIfTest4.scala)
[ERROR] 	at modbat.test.MaybeNextIfTest4$$anonfun$4.apply(MaybeNextIfTest4.scala)
[WARNING] Error found, model trace:
[WARNING] modbat/test/MaybeNextIfTest4.scala:7: println; choices = (0.4793791)
[WARNING] modbat/test/MaybeNextIfTest4.scala:14: assert
