[WARNING] java.lang.AssertionError: assertion failed occurred, aborting.
[ERROR] java.lang.AssertionError: assertion failed
[ERROR] 	at scala.Predef$.assert(Predef.scala)
[ERROR] 	at modbat.dsl.Model$.assert(Model.scala)
[ERROR] 	at modbat.dsl.Model$class.assert(Model.scala)
[ERROR] 	at modbat.test.TestObserver.assert(TestObserver.scala)
[ERROR] 	at modbat.test.TestObserver$$anonfun$3.apply$mcV$sp(TestObserver.scala)
[ERROR] 	at modbat.test.TestObserver$$anonfun$3.apply(TestObserver.scala)
[ERROR] 	at modbat.test.TestObserver$$anonfun$3.apply(TestObserver.scala)
[WARNING] Error found, model trace:
[WARNING] modbat/test/ObserverHarness4.scala:7: modbat.test.ObserverHarness4-1: launch
[WARNING] modbat/test/ObserverHarness4.scala:7: modbat.test.ObserverHarness4-1: launch
[WARNING] modbat/test/ObserverHarness4.scala:7: modbat.test.ObserverHarness4-1: launch
[WARNING] modbat/test/ObserverHarness4.scala:7: modbat.test.ObserverHarness4-1: launch
[WARNING] modbat/test/ObserverHarness4.scala:7: modbat.test.ObserverHarness4-1: launch
[WARNING] modbat/test/ObserverHarness4.scala:7: modbat.test.ObserverHarness4-1: launch
[WARNING] modbat/test/ObserverHarness4.scala:10: modbat.test.ObserverHarness4-1: skip
[WARNING] modbat/test/ObserverHarness4.scala:11: modbat.test.ObserverHarness4-1: i
[WARNING] modbat/test/TestObserver.scala:9: modbat.test.TestObserver-1: println
[WARNING] modbat/test/TestObserver.scala:13: modbat.test.TestObserver-1: println
[WARNING] modbat/test/TestObserver.scala:17: modbat.test.TestObserver-1: assert
[WARNING] modbat/test/TestObserver.scala:9: modbat.test.TestObserver-2: println
[WARNING] modbat/test/TestObserver.scala:13: modbat.test.TestObserver-2: println
[WARNING] modbat/test/TestObserver.scala:17: modbat.test.TestObserver-2: assert
[WARNING] modbat/test/TestObserver.scala:9: modbat.test.TestObserver-3: println
[WARNING] modbat/test/TestObserver.scala:13: modbat.test.TestObserver-3: println
[WARNING] modbat/test/TestObserver.scala:17: modbat.test.TestObserver-3: assert
[WARNING] modbat/test/TestObserver.scala:9: modbat.test.TestObserver-4: println
[WARNING] modbat/test/TestObserver.scala:13: modbat.test.TestObserver-4: println
[WARNING] modbat/test/TestObserver.scala:17: modbat.test.TestObserver-4: assert
[WARNING] modbat/test/TestObserver.scala:9: modbat.test.TestObserver-5: println
[WARNING] modbat/test/TestObserver.scala:13: modbat.test.TestObserver-5: println
[WARNING] modbat/test/TestObserver.scala:17: modbat.test.TestObserver-5: assert
[WARNING] modbat/test/TestObserver.scala:9: modbat.test.TestObserver-6: println
[WARNING] modbat/test/TestObserver.scala:13: modbat.test.TestObserver-6: println
[WARNING] modbat/test/TestObserver.scala:17: modbat.test.TestObserver-6: assert
[WARNING] modbat/test/ObserverHarness4.scala:14: modbat.test.ObserverHarness4-1: i
[WARNING] modbat/test/TestObserver.scala:17: modbat.test.TestObserver-1: assert
[WARNING] modbat/test/TestObserver.scala:17: modbat.test.TestObserver-2: assert
[WARNING] modbat/test/TestObserver.scala:17: modbat.test.TestObserver-3: assert
[WARNING] modbat/test/TestObserver.scala:17: modbat.test.TestObserver-4: assert
[WARNING] modbat/test/TestObserver.scala:17: modbat.test.TestObserver-5: assert
[WARNING] modbat/test/TestObserver.scala:17: modbat.test.TestObserver-6: assert
[WARNING] modbat/test/ObserverHarness4.scala:14: modbat.test.ObserverHarness4-1: i
[WARNING] modbat/test/TestObserver.scala:17: modbat.test.TestObserver-1: assert
